[debug] [2024-07-18T13:31:24.229Z] ----------------------------------------------------------------------
[debug] [2024-07-18T13:31:24.231Z] Command:       C:\Program Files\nodejs\node.exe C:\Users\hp\AppData\Roaming\npm\node_modules\firebase-tools\lib\bin\firebase.js use --add
[debug] [2024-07-18T13:31:24.232Z] CLI Version:   13.13.3
[debug] [2024-07-18T13:31:24.232Z] Platform:      win32
[debug] [2024-07-18T13:31:24.232Z] Node Version:  v20.15.1
[debug] [2024-07-18T13:31:24.232Z] Time:          Thu Jul 18 2024 19:01:24 GMT+0530 (India Standard Time)
[debug] [2024-07-18T13:31:24.232Z] ----------------------------------------------------------------------
[debug] 
[debug] [2024-07-18T13:31:24.238Z] > command requires scopes: ["email","openid","https://www.googleapis.com/auth/cloudplatformprojects.readonly","https://www.googleapis.com/auth/firebase","https://www.googleapis.com/auth/cloud-platform"]
[debug] [2024-07-18T13:31:24.238Z] > authorizing via signed-in user (agrawalnupur2002@gmail.com)
[error] 
[error] Error: firebase use must be run from a Firebase project directory.

Run firebase init to start a project directory in the current folder.
[debug] [2024-07-18T13:31:30.683Z] ----------------------------------------------------------------------
[debug] [2024-07-18T13:31:30.689Z] Command:       C:\Program Files\nodejs\node.exe C:\Users\hp\AppData\Roaming\npm\node_modules\firebase-tools\lib\bin\firebase.js init
[debug] [2024-07-18T13:31:30.689Z] CLI Version:   13.13.3
[debug] [2024-07-18T13:31:30.690Z] Platform:      win32
[debug] [2024-07-18T13:31:30.690Z] Node Version:  v20.15.1
[debug] [2024-07-18T13:31:30.690Z] Time:          Thu Jul 18 2024 19:01:30 GMT+0530 (India Standard Time)
[debug] [2024-07-18T13:31:30.691Z] ----------------------------------------------------------------------
[debug] 
[debug] [2024-07-18T13:31:30.703Z] > command requires scopes: ["email","openid","https://www.googleapis.com/auth/cloudplatformprojects.readonly","https://www.googleapis.com/auth/firebase","https://www.googleapis.com/auth/cloud-platform"]
[debug] [2024-07-18T13:31:30.704Z] > authorizing via signed-in user (agrawalnupur2002@gmail.com)
[info] 
     ######## #### ########  ######## ########     ###     ######  ########
     ##        ##  ##     ## ##       ##     ##  ##   ##  ##       ##
     ######    ##  ########  ######   ########  #########  ######  ######
     ##        ##  ##    ##  ##       ##     ## ##     ##       ## ##
     ##       #### ##     ## ######## ########  ##     ##  ######  ########

You're about to initialize a Firebase project in this directory:

  C:\xampp\htdocs\Hospital-Management-Html-master

Before we get started, keep in mind:

  * You are currently outside your home directory

[info] 
=== Project Setup
[info] 
[info] First, let's associate this project directory with a Firebase project.
[info] You can create multiple project aliases by running firebase use --add, 
[info] but for now we'll just set up a default project.
[info] 
[debug] [2024-07-18T13:31:53.602Z] > refreshing access token with scopes: []
[debug] [2024-07-18T13:31:53.604Z] >>> [apiv2][query] POST https://www.googleapis.com/oauth2/v3/token [none]
[debug] [2024-07-18T13:31:53.604Z] >>> [apiv2][body] POST https://www.googleapis.com/oauth2/v3/token [omitted]
[debug] [2024-07-18T13:31:53.856Z] <<< [apiv2][status] POST https://www.googleapis.com/oauth2/v3/token 400
[debug] [2024-07-18T13:31:53.856Z] <<< [apiv2][body] POST https://www.googleapis.com/oauth2/v3/token [omitted]
[debug] [2024-07-18T13:31:53.857Z] >>> [apiv2][query] GET https://firebase.googleapis.com/v1beta1/projects pageSize=100
[debug] [2024-07-18T13:31:54.140Z] <<< [apiv2][status] GET https://firebase.googleapis.com/v1beta1/projects 401
[debug] [2024-07-18T13:31:54.141Z] <<< [apiv2][body] GET https://firebase.googleapis.com/v1beta1/projects [omitted]
[debug] [2024-07-18T13:31:54.142Z] HTTP Error: 401, Request had invalid authentication credentials. Expected OAuth 2 access token, login cookie or other valid authentication credential. See https://developers.google.com/identity/sign-in/web/devconsole-project.
[debug] [2024-07-18T13:31:54.323Z] FirebaseError: HTTP Error: 401, Request had invalid authentication credentials. Expected OAuth 2 access token, login cookie or other valid authentication credential. See https://developers.google.com/identity/sign-in/web/devconsole-project.
    at responseToError (C:\Users\hp\AppData\Roaming\npm\node_modules\firebase-tools\lib\responseToError.js:49:12)
    at RetryOperation._fn (C:\Users\hp\AppData\Roaming\npm\node_modules\firebase-tools\lib\apiv2.js:305:77)
    at process.processTicksAndRejections (node:internal/process/task_queues:95:5)
[error] 
[error] Error: Failed to list Firebase projects. See firebase-debug.log for more info.
